<?xml version="1.0" encoding="UTF-8"?>
<testsuite xmlns:xsi="http://www.w3.org/2001/XMLSchema-instance" xsi:noNamespaceSchemaLocation="https://maven.apache.org/surefire/maven-surefire-plugin/xsd/surefire-test-report-3.0.xsd" version="3.0" name="com.dharasudipta.crs.CarRentalSystemTest" time="2.469" tests="7" errors="0" skipped="0" failures="0">
  <properties>
[...]
</properties>
  <testcase name="testCarRentalService_ReserveONESedanForFOURDays" classname="com.dharasudipta.crs.CarRentalSystemTest" time="1.903">
    <system-out><![CDATA[16:58:44.039 [main] INFO com.dharasudipta.crs.CarRentalSystemTest -- testCarRentalService_ReserveONESedanForFOURDays::Testing car rental service for sedan
16:58:44.066 [main] INFO com.dharasudipta.crs.CarRentalSystemTest -- Reservation successful: id: 65e4fd30-ac03-4c55-bd09-b3109a8f1c50 startDate:2025-08-20 endDate:2025-08-24 for Car id: 1 type: SEDAN
16:58:44.079 [main] INFO com.dharasudipta.crs.CarRentalSystemTest -- testCarRentalService_ReserveONESedanForFOURDays::Testing car rental service for sedan completed
16:58:44.093 [main] INFO com.dharasudipta.crs.CarRentalSystemTest -- Overall reservation status after each test method:
16:58:44.093 [main] INFO com.dharasudipta.crs.CarRentalSystemTest -- Car id: 1 type: SEDAN
16:58:44.093 [main] INFO com.dharasudipta.crs.CarRentalSystemTest -- Reservation id: 65e4fd30-ac03-4c55-bd09-b3109a8f1c50 startDate: 2025-08-20 endDate: 2025-08-24
16:58:44.093 [main] INFO com.dharasudipta.crs.CarRentalSystemTest -- Car id: 2 type: SUV
16:58:44.093 [main] INFO com.dharasudipta.crs.CarRentalSystemTest -- No reservations for this car.
16:58:44.093 [main] INFO com.dharasudipta.crs.CarRentalSystemTest -- Car id: 3 type: VAN
16:58:44.093 [main] INFO com.dharasudipta.crs.CarRentalSystemTest -- No reservations for this car.
16:58:44.093 [main] INFO com.dharasudipta.crs.CarRentalSystemTest -- Car id: 12 type: SEDAN
16:58:44.093 [main] INFO com.dharasudipta.crs.CarRentalSystemTest -- No reservations for this car.
16:58:44.093 [main] INFO com.dharasudipta.crs.CarRentalSystemTest -- Car id: 22 type: SUV
16:58:44.093 [main] INFO com.dharasudipta.crs.CarRentalSystemTest -- No reservations for this car.
16:58:44.095 [main] INFO com.dharasudipta.crs.CarRentalSystemTest -- Car id: 32 type: VAN
16:58:44.095 [main] INFO com.dharasudipta.crs.CarRentalSystemTest -- No reservations for this car.
16:58:44.095 [main] INFO com.dharasudipta.crs.CarRentalSystemTest -- Car id: 13 type: SEDAN
16:58:44.095 [main] INFO com.dharasudipta.crs.CarRentalSystemTest -- No reservations for this car.
16:58:44.095 [main] INFO com.dharasudipta.crs.CarRentalSystemTest -- Car id: 23 type: SUV
16:58:44.095 [main] INFO com.dharasudipta.crs.CarRentalSystemTest -- No reservations for this car.
16:58:44.095 [main] INFO com.dharasudipta.crs.CarRentalSystemTest -- Car id: 33 type: VAN
16:58:44.095 [main] INFO com.dharasudipta.crs.CarRentalSystemTest -- No reservations for this car.
16:58:44.095 [main] INFO com.dharasudipta.crs.CarRentalSystemTest -- Car id: 14 type: SEDAN
16:58:44.095 [main] INFO com.dharasudipta.crs.CarRentalSystemTest -- No reservations for this car.
16:58:44.095 [main] INFO com.dharasudipta.crs.CarRentalSystemTest -- Car id: 24 type: SUV
16:58:44.095 [main] INFO com.dharasudipta.crs.CarRentalSystemTest -- No reservations for this car.
16:58:44.095 [main] INFO com.dharasudipta.crs.CarRentalSystemTest -- Car id: 34 type: VAN
16:58:44.095 [main] INFO com.dharasudipta.crs.CarRentalSystemTest -- No reservations for this car.
]]></system-out>
    <system-err><![CDATA[WARNING: A Java agent has been loaded dynamically (C:\Users\dhara\.m2\repository\net\bytebuddy\byte-buddy-agent\1.14.5\byte-buddy-agent-1.14.5.jar)
WARNING: If a serviceability tool is in use, please run with -XX:+EnableDynamicAgentLoading to hide this warning
WARNING: If a serviceability tool is not in use, please run with -Djdk.instrument.traceUsage for more information
WARNING: Dynamic loading of agents will be disallowed by default in a future release
]]></system-err>
  </testcase>
  <testcase name="testCarRentalService_ReserveFOURSUVsForFIVEDifferentDays" classname="com.dharasudipta.crs.CarRentalSystemTest" time="0.032">
    <system-out><![CDATA[16:58:44.140 [main] INFO com.dharasudipta.crs.CarRentalSystemTest -- testCarRentalService_ReserveFOURSUVsForFIVEDifferentDays::Testing car rental service for SUV
16:58:44.143 [main] INFO com.dharasudipta.crs.CarRentalSystemTest -- Reservation successful: id: b99a4ca6-5f22-4583-9543-03f993970bd0 startDate:2025-08-20 endDate:2025-08-25 for Car id: 2 type: SUV
16:58:44.144 [main] INFO com.dharasudipta.crs.CarRentalSystemTest -- Reservation successful: id: 4f5cc61f-7dd8-4fbc-a357-4ca628ad53e1 startDate:2025-09-21 endDate:2025-09-26 for Car id: 2 type: SUV
16:58:44.144 [main] INFO com.dharasudipta.crs.CarRentalSystemTest -- Reservation successful: id: e301b33e-d469-4387-ba53-0759c6dd3bbd startDate:2025-10-22 endDate:2025-10-27 for Car id: 2 type: SUV
16:58:44.144 [main] INFO com.dharasudipta.crs.CarRentalSystemTest -- Reservation successful: id: b4b18c35-0d6d-4997-99a0-a121664f1900 startDate:2025-12-23 endDate:2025-12-28 for Car id: 2 type: SUV
16:58:44.145 [main] INFO com.dharasudipta.crs.CarRentalSystemTest -- testCarRentalService_ReserveFOURSUVsForFIVEDifferentDays::Testing car rental service for SUV completed
16:58:44.145 [main] INFO com.dharasudipta.crs.CarRentalSystemTest -- Overall reservation status after each test method:
16:58:44.147 [main] INFO com.dharasudipta.crs.CarRentalSystemTest -- Car id: 1 type: SEDAN
16:58:44.147 [main] INFO com.dharasudipta.crs.CarRentalSystemTest -- No reservations for this car.
16:58:44.148 [main] INFO com.dharasudipta.crs.CarRentalSystemTest -- Car id: 2 type: SUV
16:58:44.148 [main] INFO com.dharasudipta.crs.CarRentalSystemTest -- Reservation id: b99a4ca6-5f22-4583-9543-03f993970bd0 startDate: 2025-08-20 endDate: 2025-08-25
16:58:44.149 [main] INFO com.dharasudipta.crs.CarRentalSystemTest -- Reservation id: 4f5cc61f-7dd8-4fbc-a357-4ca628ad53e1 startDate: 2025-09-21 endDate: 2025-09-26
16:58:44.151 [main] INFO com.dharasudipta.crs.CarRentalSystemTest -- Reservation id: e301b33e-d469-4387-ba53-0759c6dd3bbd startDate: 2025-10-22 endDate: 2025-10-27
16:58:44.153 [main] INFO com.dharasudipta.crs.CarRentalSystemTest -- Reservation id: b4b18c35-0d6d-4997-99a0-a121664f1900 startDate: 2025-12-23 endDate: 2025-12-28
16:58:44.154 [main] INFO com.dharasudipta.crs.CarRentalSystemTest -- Car id: 3 type: VAN
16:58:44.155 [main] INFO com.dharasudipta.crs.CarRentalSystemTest -- No reservations for this car.
16:58:44.155 [main] INFO com.dharasudipta.crs.CarRentalSystemTest -- Car id: 12 type: SEDAN
16:58:44.155 [main] INFO com.dharasudipta.crs.CarRentalSystemTest -- No reservations for this car.
16:58:44.155 [main] INFO com.dharasudipta.crs.CarRentalSystemTest -- Car id: 22 type: SUV
16:58:44.155 [main] INFO com.dharasudipta.crs.CarRentalSystemTest -- No reservations for this car.
16:58:44.156 [main] INFO com.dharasudipta.crs.CarRentalSystemTest -- Car id: 32 type: VAN
16:58:44.156 [main] INFO com.dharasudipta.crs.CarRentalSystemTest -- No reservations for this car.
16:58:44.156 [main] INFO com.dharasudipta.crs.CarRentalSystemTest -- Car id: 13 type: SEDAN
16:58:44.157 [main] INFO com.dharasudipta.crs.CarRentalSystemTest -- No reservations for this car.
16:58:44.158 [main] INFO com.dharasudipta.crs.CarRentalSystemTest -- Car id: 23 type: SUV
16:58:44.158 [main] INFO com.dharasudipta.crs.CarRentalSystemTest -- No reservations for this car.
16:58:44.160 [main] INFO com.dharasudipta.crs.CarRentalSystemTest -- Car id: 33 type: VAN
16:58:44.160 [main] INFO com.dharasudipta.crs.CarRentalSystemTest -- No reservations for this car.
16:58:44.160 [main] INFO com.dharasudipta.crs.CarRentalSystemTest -- Car id: 14 type: SEDAN
16:58:44.160 [main] INFO com.dharasudipta.crs.CarRentalSystemTest -- No reservations for this car.
16:58:44.160 [main] INFO com.dharasudipta.crs.CarRentalSystemTest -- Car id: 24 type: SUV
16:58:44.162 [main] INFO com.dharasudipta.crs.CarRentalSystemTest -- No reservations for this car.
16:58:44.162 [main] INFO com.dharasudipta.crs.CarRentalSystemTest -- Car id: 34 type: VAN
16:58:44.162 [main] INFO com.dharasudipta.crs.CarRentalSystemTest -- No reservations for this car.
]]></system-out>
  </testcase>
  <testcase name="testCarRentalService_ReserveFOURSUVsForFIVESAMEDays" classname="com.dharasudipta.crs.CarRentalSystemTest" time="0.032">
    <system-out><![CDATA[16:58:44.176 [main] INFO com.dharasudipta.crs.CarRentalSystemTest -- testCarRentalService_ReserveFOURSUVsForFIVESAMEDays::Testing car rental service for SUV
16:58:44.180 [main] INFO com.dharasudipta.crs.CarRentalSystemTest -- Reservation successful: id: 8448d246-0184-41ea-a1ee-11c5b48b7a2b startDate:2025-08-20 endDate:2025-08-25 for Car id: 2 type: SUV
16:58:44.181 [main] INFO com.dharasudipta.crs.CarRentalSystemTest -- Reservation successful: id: b36d70d0-543c-40e1-8ca1-52a67a20360e startDate:2025-08-20 endDate:2025-08-25 for Car id: 22 type: SUV
16:58:44.181 [main] INFO com.dharasudipta.crs.CarRentalSystemTest -- Reservation successful: id: 88713507-2e0e-4640-940b-95b7e7914293 startDate:2025-08-20 endDate:2025-08-25 for Car id: 23 type: SUV
16:58:44.181 [main] INFO com.dharasudipta.crs.CarRentalSystemTest -- Reservation successful: id: 6defa180-4fe3-42ed-a625-dd1166ed882a startDate:2025-08-20 endDate:2025-08-25 for Car id: 24 type: SUV
16:58:44.181 [main] INFO com.dharasudipta.crs.CarRentalSystemTest -- testCarRentalService_ReserveFOURSUVsForFIVESAMEDays::Testing car rental service for SUV completed
16:58:44.181 [main] INFO com.dharasudipta.crs.CarRentalSystemTest -- Overall reservation status after each test method:
16:58:44.181 [main] INFO com.dharasudipta.crs.CarRentalSystemTest -- Car id: 1 type: SEDAN
16:58:44.181 [main] INFO com.dharasudipta.crs.CarRentalSystemTest -- No reservations for this car.
16:58:44.183 [main] INFO com.dharasudipta.crs.CarRentalSystemTest -- Car id: 2 type: SUV
16:58:44.183 [main] INFO com.dharasudipta.crs.CarRentalSystemTest -- Reservation id: 8448d246-0184-41ea-a1ee-11c5b48b7a2b startDate: 2025-08-20 endDate: 2025-08-25
16:58:44.185 [main] INFO com.dharasudipta.crs.CarRentalSystemTest -- Car id: 3 type: VAN
16:58:44.188 [main] INFO com.dharasudipta.crs.CarRentalSystemTest -- No reservations for this car.
16:58:44.188 [main] INFO com.dharasudipta.crs.CarRentalSystemTest -- Car id: 12 type: SEDAN
16:58:44.188 [main] INFO com.dharasudipta.crs.CarRentalSystemTest -- No reservations for this car.
16:58:44.188 [main] INFO com.dharasudipta.crs.CarRentalSystemTest -- Car id: 22 type: SUV
16:58:44.188 [main] INFO com.dharasudipta.crs.CarRentalSystemTest -- Reservation id: b36d70d0-543c-40e1-8ca1-52a67a20360e startDate: 2025-08-20 endDate: 2025-08-25
16:58:44.188 [main] INFO com.dharasudipta.crs.CarRentalSystemTest -- Car id: 32 type: VAN
16:58:44.188 [main] INFO com.dharasudipta.crs.CarRentalSystemTest -- No reservations for this car.
16:58:44.188 [main] INFO com.dharasudipta.crs.CarRentalSystemTest -- Car id: 13 type: SEDAN
16:58:44.188 [main] INFO com.dharasudipta.crs.CarRentalSystemTest -- No reservations for this car.
16:58:44.188 [main] INFO com.dharasudipta.crs.CarRentalSystemTest -- Car id: 23 type: SUV
16:58:44.189 [main] INFO com.dharasudipta.crs.CarRentalSystemTest -- Reservation id: 88713507-2e0e-4640-940b-95b7e7914293 startDate: 2025-08-20 endDate: 2025-08-25
16:58:44.191 [main] INFO com.dharasudipta.crs.CarRentalSystemTest -- Car id: 33 type: VAN
16:58:44.192 [main] INFO com.dharasudipta.crs.CarRentalSystemTest -- No reservations for this car.
16:58:44.192 [main] INFO com.dharasudipta.crs.CarRentalSystemTest -- Car id: 14 type: SEDAN
16:58:44.192 [main] INFO com.dharasudipta.crs.CarRentalSystemTest -- No reservations for this car.
16:58:44.192 [main] INFO com.dharasudipta.crs.CarRentalSystemTest -- Car id: 24 type: SUV
16:58:44.198 [main] INFO com.dharasudipta.crs.CarRentalSystemTest -- Reservation id: 6defa180-4fe3-42ed-a625-dd1166ed882a startDate: 2025-08-20 endDate: 2025-08-25
16:58:44.198 [main] INFO com.dharasudipta.crs.CarRentalSystemTest -- Car id: 34 type: VAN
16:58:44.198 [main] INFO com.dharasudipta.crs.CarRentalSystemTest -- No reservations for this car.
]]></system-out>
  </testcase>
  <testcase name="testCarRentalService_ReserveFIVESUVsForFIVESAMEDays" classname="com.dharasudipta.crs.CarRentalSystemTest" time="0.068">
    <system-out><![CDATA[16:58:44.228 [main] INFO com.dharasudipta.crs.CarRentalSystemTest -- testCarRentalService_ReserveFIVESUVsForFIVESAMEDays::Testing car rental service for SUV
16:58:44.238 [main] INFO com.dharasudipta.crs.CarRentalSystemTest -- Reservation successful: id: b6d1f1f0-b0f1-4769-a5ff-92e890e8c796 startDate:2025-08-20 endDate:2025-08-25 for Car id: 2 type: SUV
16:58:44.244 [main] INFO com.dharasudipta.crs.CarRentalSystemTest -- Reservation successful: id: 5c23458a-08ea-411a-a7a9-65ebf69c2d96 startDate:2025-08-20 endDate:2025-08-25 for Car id: 22 type: SUV
16:58:44.246 [main] INFO com.dharasudipta.crs.CarRentalSystemTest -- Reservation successful: id: 2b661a5d-5eeb-4c20-8193-b13de5c0606c startDate:2025-08-20 endDate:2025-08-25 for Car id: 23 type: SUV
16:58:44.246 [main] INFO com.dharasudipta.crs.CarRentalSystemTest -- Reservation successful: id: 19966ad2-7362-41dc-9e05-50e924673b00 startDate:2025-08-20 endDate:2025-08-25 for Car id: 24 type: SUV
16:58:44.268 [main] ERROR com.dharasudipta.crs.CarRentalSystemTest -- CRSException message: No SUV cars available during requested period - startDate: 2025-08-20, endDate: 2025-08-25
16:58:44.268 [main] INFO com.dharasudipta.crs.CarRentalSystemTest -- testCarRentalService_ReserveFIVESUVsForFIVESAMEDays::Testing car rental service for SUV completed
16:58:44.268 [main] INFO com.dharasudipta.crs.CarRentalSystemTest -- Overall reservation status after each test method:
16:58:44.268 [main] INFO com.dharasudipta.crs.CarRentalSystemTest -- Car id: 1 type: SEDAN
16:58:44.270 [main] INFO com.dharasudipta.crs.CarRentalSystemTest -- No reservations for this car.
16:58:44.270 [main] INFO com.dharasudipta.crs.CarRentalSystemTest -- Car id: 2 type: SUV
16:58:44.270 [main] INFO com.dharasudipta.crs.CarRentalSystemTest -- Reservation id: b6d1f1f0-b0f1-4769-a5ff-92e890e8c796 startDate: 2025-08-20 endDate: 2025-08-25
16:58:44.271 [main] INFO com.dharasudipta.crs.CarRentalSystemTest -- Car id: 3 type: VAN
16:58:44.271 [main] INFO com.dharasudipta.crs.CarRentalSystemTest -- No reservations for this car.
16:58:44.272 [main] INFO com.dharasudipta.crs.CarRentalSystemTest -- Car id: 12 type: SEDAN
16:58:44.272 [main] INFO com.dharasudipta.crs.CarRentalSystemTest -- No reservations for this car.
16:58:44.272 [main] INFO com.dharasudipta.crs.CarRentalSystemTest -- Car id: 22 type: SUV
16:58:44.272 [main] INFO com.dharasudipta.crs.CarRentalSystemTest -- Reservation id: 5c23458a-08ea-411a-a7a9-65ebf69c2d96 startDate: 2025-08-20 endDate: 2025-08-25
16:58:44.273 [main] INFO com.dharasudipta.crs.CarRentalSystemTest -- Car id: 32 type: VAN
16:58:44.273 [main] INFO com.dharasudipta.crs.CarRentalSystemTest -- No reservations for this car.
16:58:44.273 [main] INFO com.dharasudipta.crs.CarRentalSystemTest -- Car id: 13 type: SEDAN
16:58:44.273 [main] INFO com.dharasudipta.crs.CarRentalSystemTest -- No reservations for this car.
16:58:44.274 [main] INFO com.dharasudipta.crs.CarRentalSystemTest -- Car id: 23 type: SUV
16:58:44.275 [main] INFO com.dharasudipta.crs.CarRentalSystemTest -- Reservation id: 2b661a5d-5eeb-4c20-8193-b13de5c0606c startDate: 2025-08-20 endDate: 2025-08-25
16:58:44.275 [main] INFO com.dharasudipta.crs.CarRentalSystemTest -- Car id: 33 type: VAN
16:58:44.275 [main] INFO com.dharasudipta.crs.CarRentalSystemTest -- No reservations for this car.
16:58:44.276 [main] INFO com.dharasudipta.crs.CarRentalSystemTest -- Car id: 14 type: SEDAN
16:58:44.276 [main] INFO com.dharasudipta.crs.CarRentalSystemTest -- No reservations for this car.
16:58:44.278 [main] INFO com.dharasudipta.crs.CarRentalSystemTest -- Car id: 24 type: SUV
16:58:44.278 [main] INFO com.dharasudipta.crs.CarRentalSystemTest -- Reservation id: 19966ad2-7362-41dc-9e05-50e924673b00 startDate: 2025-08-20 endDate: 2025-08-25
16:58:44.278 [main] INFO com.dharasudipta.crs.CarRentalSystemTest -- Car id: 34 type: VAN
16:58:44.278 [main] INFO com.dharasudipta.crs.CarRentalSystemTest -- No reservations for this car.
]]></system-out>
  </testcase>
  <testcase name="testCarRentalService_ReserveVANForSeveralDays" classname="com.dharasudipta.crs.CarRentalSystemTest" time="0.087">
    <system-out><![CDATA[16:58:44.333 [main] INFO com.dharasudipta.crs.CarRentalSystemTest -- testCarRentalService_ReserveVANForSeveralDays::Testing car rental service for VAN
16:58:44.363 [main] INFO com.dharasudipta.crs.CarRentalSystemTest -- Reservation successful: id: e0496069-ca0d-4f8f-aa78-d6c743697752 startDate:2025-08-20 endDate:2025-09-01 for Car id: 3 type: VAN
16:58:44.372 [main] INFO com.dharasudipta.crs.CarRentalSystemTest -- Reservation successful: id: 6b41d47c-7460-4118-9b19-731fb0afa029 startDate:2025-09-21 endDate:2025-10-23 for Car id: 3 type: VAN
16:58:44.376 [main] INFO com.dharasudipta.crs.CarRentalSystemTest -- Reservation successful: id: 609fc59a-c790-4e92-a348-3eafc9955833 startDate:2025-10-22 endDate:2025-11-24 for Car id: 32 type: VAN
16:58:44.376 [main] INFO com.dharasudipta.crs.CarRentalSystemTest -- Reservation successful: id: e17f7876-e825-46fe-833c-7d15c5b18e12 startDate:2025-12-23 endDate:2026-02-11 for Car id: 3 type: VAN
16:58:44.376 [main] INFO com.dharasudipta.crs.CarRentalSystemTest -- Reservation successful: id: 89eedf2e-7a3d-4c14-bdb4-976b1c853a6d startDate:2026-01-24 endDate:2026-05-04 for Car id: 32 type: VAN
16:58:44.376 [main] INFO com.dharasudipta.crs.CarRentalSystemTest -- testCarRentalService_ReserveVANForSeveralDays::Testing car rental service for VAN completed
16:58:44.378 [main] INFO com.dharasudipta.crs.CarRentalSystemTest -- Overall reservation status after each test method:
16:58:44.378 [main] INFO com.dharasudipta.crs.CarRentalSystemTest -- Car id: 1 type: SEDAN
16:58:44.378 [main] INFO com.dharasudipta.crs.CarRentalSystemTest -- No reservations for this car.
16:58:44.378 [main] INFO com.dharasudipta.crs.CarRentalSystemTest -- Car id: 2 type: SUV
16:58:44.378 [main] INFO com.dharasudipta.crs.CarRentalSystemTest -- No reservations for this car.
16:58:44.378 [main] INFO com.dharasudipta.crs.CarRentalSystemTest -- Car id: 3 type: VAN
16:58:44.378 [main] INFO com.dharasudipta.crs.CarRentalSystemTest -- Reservation id: e0496069-ca0d-4f8f-aa78-d6c743697752 startDate: 2025-08-20 endDate: 2025-09-01
16:58:44.378 [main] INFO com.dharasudipta.crs.CarRentalSystemTest -- Reservation id: 6b41d47c-7460-4118-9b19-731fb0afa029 startDate: 2025-09-21 endDate: 2025-10-23
16:58:44.378 [main] INFO com.dharasudipta.crs.CarRentalSystemTest -- Reservation id: e17f7876-e825-46fe-833c-7d15c5b18e12 startDate: 2025-12-23 endDate: 2026-02-11
16:58:44.378 [main] INFO com.dharasudipta.crs.CarRentalSystemTest -- Car id: 12 type: SEDAN
16:58:44.378 [main] INFO com.dharasudipta.crs.CarRentalSystemTest -- No reservations for this car.
16:58:44.378 [main] INFO com.dharasudipta.crs.CarRentalSystemTest -- Car id: 22 type: SUV
16:58:44.378 [main] INFO com.dharasudipta.crs.CarRentalSystemTest -- No reservations for this car.
16:58:44.378 [main] INFO com.dharasudipta.crs.CarRentalSystemTest -- Car id: 32 type: VAN
16:58:44.378 [main] INFO com.dharasudipta.crs.CarRentalSystemTest -- Reservation id: 609fc59a-c790-4e92-a348-3eafc9955833 startDate: 2025-10-22 endDate: 2025-11-24
16:58:44.378 [main] INFO com.dharasudipta.crs.CarRentalSystemTest -- Reservation id: 89eedf2e-7a3d-4c14-bdb4-976b1c853a6d startDate: 2026-01-24 endDate: 2026-05-04
16:58:44.378 [main] INFO com.dharasudipta.crs.CarRentalSystemTest -- Car id: 13 type: SEDAN
16:58:44.378 [main] INFO com.dharasudipta.crs.CarRentalSystemTest -- No reservations for this car.
16:58:44.378 [main] INFO com.dharasudipta.crs.CarRentalSystemTest -- Car id: 23 type: SUV
16:58:44.380 [main] INFO com.dharasudipta.crs.CarRentalSystemTest -- No reservations for this car.
16:58:44.380 [main] INFO com.dharasudipta.crs.CarRentalSystemTest -- Car id: 33 type: VAN
16:58:44.382 [main] INFO com.dharasudipta.crs.CarRentalSystemTest -- No reservations for this car.
16:58:44.382 [main] INFO com.dharasudipta.crs.CarRentalSystemTest -- Car id: 14 type: SEDAN
16:58:44.382 [main] INFO com.dharasudipta.crs.CarRentalSystemTest -- No reservations for this car.
16:58:44.382 [main] INFO com.dharasudipta.crs.CarRentalSystemTest -- Car id: 24 type: SUV
16:58:44.382 [main] INFO com.dharasudipta.crs.CarRentalSystemTest -- No reservations for this car.
16:58:44.382 [main] INFO com.dharasudipta.crs.CarRentalSystemTest -- Car id: 34 type: VAN
16:58:44.382 [main] INFO com.dharasudipta.crs.CarRentalSystemTest -- No reservations for this car.
]]></system-out>
  </testcase>
  <testcase name="testCarRentalService_getAllReservations" classname="com.dharasudipta.crs.CarRentalSystemTest" time="0.011">
    <system-out><![CDATA[16:58:44.392 [main] INFO com.dharasudipta.crs.CarRentalSystemTest -- testCarRentalService_getAllReservations::Testing car rental service
16:58:44.396 [main] INFO com.dharasudipta.crs.CarRentalSystemTest -- testCarRentalService_getAllReservations::Testing car rental service completed
16:58:44.396 [main] INFO com.dharasudipta.crs.CarRentalSystemTest -- Overall reservation status after each test method:
16:58:44.396 [main] INFO com.dharasudipta.crs.CarRentalSystemTest -- Car id: 1 type: SEDAN
16:58:44.396 [main] INFO com.dharasudipta.crs.CarRentalSystemTest -- Reservation id: 6991be09-9d53-46e3-87bd-25da61a2aea1 startDate: 2025-09-21 endDate: 2025-10-23
16:58:44.396 [main] INFO com.dharasudipta.crs.CarRentalSystemTest -- Reservation id: 213fc0a6-cea5-4f2b-b545-c53f6e8ab06f startDate: 2026-01-24 endDate: 2026-05-04
16:58:44.396 [main] INFO com.dharasudipta.crs.CarRentalSystemTest -- Car id: 2 type: SUV
16:58:44.396 [main] INFO com.dharasudipta.crs.CarRentalSystemTest -- Reservation id: a75e6b4c-6dba-43ba-a434-84140accb702 startDate: 2025-08-20 endDate: 2025-10-01
16:58:44.396 [main] INFO com.dharasudipta.crs.CarRentalSystemTest -- Reservation id: 909f6692-b2f2-4e4b-bf81-131666317aea startDate: 2025-12-23 endDate: 2026-02-11
16:58:44.396 [main] INFO com.dharasudipta.crs.CarRentalSystemTest -- Car id: 3 type: VAN
16:58:44.396 [main] INFO com.dharasudipta.crs.CarRentalSystemTest -- Reservation id: facac0fc-84e2-440c-a4c0-747610f6213c startDate: 2025-10-22 endDate: 2025-11-24
16:58:44.396 [main] INFO com.dharasudipta.crs.CarRentalSystemTest -- Car id: 12 type: SEDAN
16:58:44.398 [main] INFO com.dharasudipta.crs.CarRentalSystemTest -- No reservations for this car.
16:58:44.398 [main] INFO com.dharasudipta.crs.CarRentalSystemTest -- Car id: 22 type: SUV
16:58:44.398 [main] INFO com.dharasudipta.crs.CarRentalSystemTest -- No reservations for this car.
16:58:44.398 [main] INFO com.dharasudipta.crs.CarRentalSystemTest -- Car id: 32 type: VAN
16:58:44.398 [main] INFO com.dharasudipta.crs.CarRentalSystemTest -- No reservations for this car.
16:58:44.398 [main] INFO com.dharasudipta.crs.CarRentalSystemTest -- Car id: 13 type: SEDAN
16:58:44.398 [main] INFO com.dharasudipta.crs.CarRentalSystemTest -- No reservations for this car.
16:58:44.398 [main] INFO com.dharasudipta.crs.CarRentalSystemTest -- Car id: 23 type: SUV
16:58:44.398 [main] INFO com.dharasudipta.crs.CarRentalSystemTest -- No reservations for this car.
16:58:44.398 [main] INFO com.dharasudipta.crs.CarRentalSystemTest -- Car id: 33 type: VAN
16:58:44.398 [main] INFO com.dharasudipta.crs.CarRentalSystemTest -- No reservations for this car.
16:58:44.398 [main] INFO com.dharasudipta.crs.CarRentalSystemTest -- Car id: 14 type: SEDAN
16:58:44.398 [main] INFO com.dharasudipta.crs.CarRentalSystemTest -- No reservations for this car.
16:58:44.398 [main] INFO com.dharasudipta.crs.CarRentalSystemTest -- Car id: 24 type: SUV
16:58:44.398 [main] INFO com.dharasudipta.crs.CarRentalSystemTest -- No reservations for this car.
16:58:44.398 [main] INFO com.dharasudipta.crs.CarRentalSystemTest -- Car id: 34 type: VAN
16:58:44.400 [main] INFO com.dharasudipta.crs.CarRentalSystemTest -- No reservations for this car.
]]></system-out>
  </testcase>
  <testcase name="testCarRentalService_cancelONEReservation" classname="com.dharasudipta.crs.CarRentalSystemTest" time="0.091">
    <system-out><![CDATA[16:58:44.413 [main] INFO com.dharasudipta.crs.CarRentalSystemTest -- testCarRentalService_cancelONEReservation::Testing car rental service
16:58:44.435 [main] INFO com.dharasudipta.crs.application.CarRentalService -- Reservation with ID: 8be2e993-767d-4c07-a34d-496e8c95651f has been cancelled for car id: 1 & car type: SEDAN
16:58:44.436 [main] INFO com.dharasudipta.crs.application.CarRentalService -- Reservation with ID: 8be2e993-767d-4c07-a34d-496e8c95651f has been cancelled for car id: 2 & car type: SUV
16:58:44.445 [main] INFO com.dharasudipta.crs.application.CarRentalService -- Reservation with ID: 8be2e993-767d-4c07-a34d-496e8c95651f has been cancelled for car id: 3 & car type: VAN
16:58:44.446 [main] INFO com.dharasudipta.crs.CarRentalSystemTest -- testCarRentalService_cancelONEReservation::Testing car rental service completed
16:58:44.446 [main] INFO com.dharasudipta.crs.CarRentalSystemTest -- Overall reservation status after each test method:
16:58:44.446 [main] INFO com.dharasudipta.crs.CarRentalSystemTest -- Car id: 1 type: SEDAN
16:58:44.446 [main] INFO com.dharasudipta.crs.CarRentalSystemTest -- Reservation id: c86e8c56-10fa-47eb-a73b-0b77c758dd69 startDate: 2025-09-21 endDate: 2025-10-23
16:58:44.446 [main] INFO com.dharasudipta.crs.CarRentalSystemTest -- Reservation id: 0c794528-7ff0-4a0d-be29-1565d9c5e4d5 startDate: 2026-01-24 endDate: 2026-05-04
16:58:44.446 [main] INFO com.dharasudipta.crs.CarRentalSystemTest -- Car id: 2 type: SUV
16:58:44.446 [main] INFO com.dharasudipta.crs.CarRentalSystemTest -- Reservation id: f6e2ae52-96a9-43be-9f43-9d5c01e10e97 startDate: 2025-08-20 endDate: 2025-10-01
16:58:44.446 [main] INFO com.dharasudipta.crs.CarRentalSystemTest -- Reservation id: 60884986-81da-4624-9a55-927368b3c0a1 startDate: 2025-12-23 endDate: 2026-02-11
16:58:44.446 [main] INFO com.dharasudipta.crs.CarRentalSystemTest -- Car id: 3 type: VAN
16:58:44.446 [main] INFO com.dharasudipta.crs.CarRentalSystemTest -- No reservations for this car.
16:58:44.447 [main] INFO com.dharasudipta.crs.CarRentalSystemTest -- Car id: 12 type: SEDAN
16:58:44.448 [main] INFO com.dharasudipta.crs.CarRentalSystemTest -- No reservations for this car.
16:58:44.448 [main] INFO com.dharasudipta.crs.CarRentalSystemTest -- Car id: 22 type: SUV
16:58:44.448 [main] INFO com.dharasudipta.crs.CarRentalSystemTest -- No reservations for this car.
16:58:44.448 [main] INFO com.dharasudipta.crs.CarRentalSystemTest -- Car id: 32 type: VAN
16:58:44.448 [main] INFO com.dharasudipta.crs.CarRentalSystemTest -- No reservations for this car.
16:58:44.448 [main] INFO com.dharasudipta.crs.CarRentalSystemTest -- Car id: 13 type: SEDAN
16:58:44.449 [main] INFO com.dharasudipta.crs.CarRentalSystemTest -- No reservations for this car.
16:58:44.467 [main] INFO com.dharasudipta.crs.CarRentalSystemTest -- Car id: 23 type: SUV
16:58:44.481 [main] INFO com.dharasudipta.crs.CarRentalSystemTest -- No reservations for this car.
16:58:44.481 [main] INFO com.dharasudipta.crs.CarRentalSystemTest -- Car id: 33 type: VAN
16:58:44.482 [main] INFO com.dharasudipta.crs.CarRentalSystemTest -- No reservations for this car.
16:58:44.494 [main] INFO com.dharasudipta.crs.CarRentalSystemTest -- Car id: 14 type: SEDAN
16:58:44.494 [main] INFO com.dharasudipta.crs.CarRentalSystemTest -- No reservations for this car.
16:58:44.494 [main] INFO com.dharasudipta.crs.CarRentalSystemTest -- Car id: 24 type: SUV
16:58:44.494 [main] INFO com.dharasudipta.crs.CarRentalSystemTest -- No reservations for this car.
16:58:44.494 [main] INFO com.dharasudipta.crs.CarRentalSystemTest -- Car id: 34 type: VAN
16:58:44.495 [main] INFO com.dharasudipta.crs.CarRentalSystemTest -- No reservations for this car.
]]></system-out>
  </testcase>
</testsuite>